<?xml version="1.0" encoding="UTF-8"?>
<!-- Generated by org.testng.reporters.JUnitXMLReporter -->
<testsuite hostname="DIN73003366" name="Default test" tests="3" failures="0" timestamp="22 Aug 2019 10:45:51 GMT" time="0.033" errors="0">
  <testcase name="main" time="0.009" classname="important.OccuranceOfEachCharacter"/>
  <testcase name="occurance" time="0.002" classname="important.OccuranceOfEachCharacter"/>
  <testcase name="occuranceOfString" time="0.001" classname="important.OccuranceOfEachCharacter"/>
</testsuite> <!-- Default test -->
